<?xml version="1.0" encoding="UTF-8"?>
<robot generator="Robot 4.1.3 (Python 3.9.5 on linux)" generated="20220403 20:59:50.159" rpa="false" schemaversion="2">
<suite id="s1" name="TestCaseApi" source="/home/felipe/Área de Trabalho/Automação_End_to_End/RobotFrameWork/automacao_robot_framawork/Automacao_API/TestCaseApi.robot">
<kw name="Conectar a minha API" library="ResourcesAPI" type="SETUP">
<kw name="Create Session" library="RequestsLibrary">
<arg>fakeApi</arg>
<arg>${URL_API}</arg>
<doc>Create Session: create a HTTP session to a server</doc>
<msg timestamp="20220403 20:59:50.297" level="INFO">Creating Session using : alias=fakeApi, url=https://fakerestapi.azurewebsites.net/api/v1/, headers={},                     cookies={}, auth=None, timeout=None, proxies=None, verify=False,                     debug=0 </msg>
<status status="PASS" starttime="20220403 20:59:50.296" endtime="20220403 20:59:50.297"/>
</kw>
<status status="PASS" starttime="20220403 20:59:50.296" endtime="20220403 20:59:50.297"/>
</kw>
<test id="s1-t1" name="Buscar a listagem de todos os livros (GET em todos os livors)">
<kw name="Requisitar todos os livros" library="ResourcesAPI">
<kw name="Get Request" library="RequestsLibrary">
<var>${RESPOSTA}</var>
<arg>fakeApi</arg>
<arg>Activities</arg>
<doc>*DEPRECATED* Please use `GET On Session` instead.</doc>
<msg timestamp="20220403 20:59:50.299" level="WARN">Keyword 'RequestsLibrary.Get Request' is deprecated. Please use `GET On Session` instead.</msg>
<msg timestamp="20220403 20:59:53.264" level="INFO">GET Request : url=https://fakerestapi.azurewebsites.net/api/v1/Activities 
 path_url=/api/v1/Activities 
 headers={'User-Agent': 'python-requests/2.25.1', 'Accept-Encoding': 'gzip, deflate', 'Accept': '*/*', 'Connection': 'keep-alive'} 
 body=None 
 </msg>
<msg timestamp="20220403 20:59:53.265" level="INFO">GET Response : url=https://fakerestapi.azurewebsites.net/api/v1/Activities 
 status=200, reason=OK 
 headers={'Transfer-Encoding': 'chunked', 'Content-Type': 'application/json; charset=utf-8; v=1.0', 'Server': 'Kestrel', 'api-supported-versions': '1.0', 'Date': 'Sun, 03 Apr 2022 23:59:52 GMT'} 
 body=[{"id":1,"title":"Activity 1","dueDate":"2022-04-04T00:59:53.1539198+00:00","completed":false},{"id":2,"title":"Activity 2","dueDate":"2022-04-04T01:59:53.1539224+00:00","completed":true},{"id":3,"title":"Activity 3","dueDate":"2022-04-04T02:59:53.1539228+00:00","completed":false},{"id":4,"title":"Activity 4","dueDate":"2022-04-04T03:59:53.1539231+00:00","completed":true},{"id":5,"title":"Activity 5","dueDate":"2022-04-04T04:59:53.1539234+00:00","completed":false},{"id":6,"title":"Activity 6","dueDate":"2022-04-04T05:59:53.1539239+00:00","completed":true},{"id":7,"title":"Activity 7","dueDate":"2022-04-04T06:59:53.1539241+00:00","completed":false},{"id":8,"title":"Activity 8","dueDate":"2022-04-04T07:59:53.1539244+00:00","completed":true},{"id":9,"title":"Activity 9","dueDate":"2022-04-04T08:59:53.1539246+00:00","completed":false},{"id":10,"title":"Activity 10","dueDate":"2022-04-04T09:59:53.1539252+00:00","completed":true},{"id":11,"title":"Activity 11","dueDate":"2022-04-04T10:59:53.1539255+00:00","completed":false},{"id":12,"title":"Activity 12","dueDate":"2022-04-04T11:59:53.1539258+00:00","completed":true},{"id":13,"title":"Activity 13","dueDate":"2022-04-04T12:59:53.1539261+00:00","completed":false},{"id":14,"title":"Activity 14","dueDate":"2022-04-04T13:59:53.1539264+00:00","completed":true},{"id":15,"title":"Activity 15","dueDate":"2022-04-04T14:59:53.1539266+00:00","completed":false},{"id":16,"title":"Activity 16","dueDate":"2022-04-04T15:59:53.1539269+00:00","completed":true},{"id":17,"title":"Activity 17","dueDate":"2022-04-04T16:59:53.1539272+00:00","completed":false},{"id":18,"title":"Activity 18","dueDate":"2022-04-04T17:59:53.1539276+00:00","completed":true},{"id":19,"title":"Activity 19","dueDate":"2022-04-04T18:59:53.1539279+00:00","completed":false},{"id":20,"title":"Activity 20","dueDate":"2022-04-04T19:59:53.1539282+00:00","completed":true},{"id":21,"title":"Activity 21","dueDate":"2022-04-04T20:59:53.153931+00:00","completed":false},{"id":22,"title":"Activity 22","dueDate":"2022-04-04T21:59:53.1539313+00:00","completed":true},{"id":23,"title":"Activity 23","dueDate":"2022-04-04T22:59:53.1539316+00:00","completed":false},{"id":24,"title":"Activity 24","dueDate":"2022-04-04T23:59:53.1539319+00:00","completed":true},{"id":25,"title":"Activity 25","dueDate":"2022-04-05T00:59:53.1539322+00:00","completed":false},{"id":26,"title":"Activity 26","dueDate":"2022-04-05T01:59:53.1539324+00:00","completed":true},{"id":27,"title":"Activity 27","dueDate":"2022-04-05T02:59:53.1539327+00:00","completed":false},{"id":28,"title":"Activity 28","dueDate":"2022-04-05T03:59:53.153933+00:00","completed":true},{"id":29,"title":"Activity 29","dueDate":"2022-04-05T04:59:53.1539333+00:00","completed":false},{"id":30,"title":"Activity 30","dueDate":"2022-04-05T05:59:53.1539335+00:00","completed":true}] 
 </msg>
<msg timestamp="20220403 20:59:53.266" level="INFO">/usr/lib/python3/dist-packages/urllib3/connectionpool.py:1015: InsecureRequestWarning: Unverified HTTPS request is being made to host 'fakerestapi.azurewebsites.net'. Adding certificate verification is strongly advised. See: https://urllib3.readthedocs.io/en/latest/advanced-usage.html#ssl-warnings
  warnings.warn(</msg>
<msg timestamp="20220403 20:59:53.267" level="INFO">${RESPOSTA} = &lt;Response [200]&gt;</msg>
<status status="PASS" starttime="20220403 20:59:50.299" endtime="20220403 20:59:53.267"/>
</kw>
<kw name="Log" library="BuiltIn">
<arg>${RESPOSTA.text}</arg>
<doc>Logs the given message with the given level.</doc>
<msg timestamp="20220403 20:59:53.275" level="INFO">[{"id":1,"title":"Activity 1","dueDate":"2022-04-04T00:59:53.1539198+00:00","completed":false},{"id":2,"title":"Activity 2","dueDate":"2022-04-04T01:59:53.1539224+00:00","completed":true},{"id":3,"title":"Activity 3","dueDate":"2022-04-04T02:59:53.1539228+00:00","completed":false},{"id":4,"title":"Activity 4","dueDate":"2022-04-04T03:59:53.1539231+00:00","completed":true},{"id":5,"title":"Activity 5","dueDate":"2022-04-04T04:59:53.1539234+00:00","completed":false},{"id":6,"title":"Activity 6","dueDate":"2022-04-04T05:59:53.1539239+00:00","completed":true},{"id":7,"title":"Activity 7","dueDate":"2022-04-04T06:59:53.1539241+00:00","completed":false},{"id":8,"title":"Activity 8","dueDate":"2022-04-04T07:59:53.1539244+00:00","completed":true},{"id":9,"title":"Activity 9","dueDate":"2022-04-04T08:59:53.1539246+00:00","completed":false},{"id":10,"title":"Activity 10","dueDate":"2022-04-04T09:59:53.1539252+00:00","completed":true},{"id":11,"title":"Activity 11","dueDate":"2022-04-04T10:59:53.1539255+00:00","completed":false},{"id":12,"title":"Activity 12","dueDate":"2022-04-04T11:59:53.1539258+00:00","completed":true},{"id":13,"title":"Activity 13","dueDate":"2022-04-04T12:59:53.1539261+00:00","completed":false},{"id":14,"title":"Activity 14","dueDate":"2022-04-04T13:59:53.1539264+00:00","completed":true},{"id":15,"title":"Activity 15","dueDate":"2022-04-04T14:59:53.1539266+00:00","completed":false},{"id":16,"title":"Activity 16","dueDate":"2022-04-04T15:59:53.1539269+00:00","completed":true},{"id":17,"title":"Activity 17","dueDate":"2022-04-04T16:59:53.1539272+00:00","completed":false},{"id":18,"title":"Activity 18","dueDate":"2022-04-04T17:59:53.1539276+00:00","completed":true},{"id":19,"title":"Activity 19","dueDate":"2022-04-04T18:59:53.1539279+00:00","completed":false},{"id":20,"title":"Activity 20","dueDate":"2022-04-04T19:59:53.1539282+00:00","completed":true},{"id":21,"title":"Activity 21","dueDate":"2022-04-04T20:59:53.153931+00:00","completed":false},{"id":22,"title":"Activity 22","dueDate":"2022-04-04T21:59:53.1539313+00:00","completed":true},{"id":23,"title":"Activity 23","dueDate":"2022-04-04T22:59:53.1539316+00:00","completed":false},{"id":24,"title":"Activity 24","dueDate":"2022-04-04T23:59:53.1539319+00:00","completed":true},{"id":25,"title":"Activity 25","dueDate":"2022-04-05T00:59:53.1539322+00:00","completed":false},{"id":26,"title":"Activity 26","dueDate":"2022-04-05T01:59:53.1539324+00:00","completed":true},{"id":27,"title":"Activity 27","dueDate":"2022-04-05T02:59:53.1539327+00:00","completed":false},{"id":28,"title":"Activity 28","dueDate":"2022-04-05T03:59:53.153933+00:00","completed":true},{"id":29,"title":"Activity 29","dueDate":"2022-04-05T04:59:53.1539333+00:00","completed":false},{"id":30,"title":"Activity 30","dueDate":"2022-04-05T05:59:53.1539335+00:00","completed":true}]</msg>
<status status="PASS" starttime="20220403 20:59:53.268" endtime="20220403 20:59:53.276"/>
</kw>
<kw name="Set Test Variable" library="BuiltIn">
<arg>${RESPOSTA}</arg>
<doc>Makes a variable available everywhere within the scope of the current test.</doc>
<msg timestamp="20220403 20:59:53.280" level="INFO">${RESPOSTA} = &lt;Response [200]&gt;</msg>
<status status="PASS" starttime="20220403 20:59:53.277" endtime="20220403 20:59:53.281"/>
</kw>
<status status="PASS" starttime="20220403 20:59:50.298" endtime="20220403 20:59:53.282"/>
</kw>
<kw name="Conferir o status code" library="ResourcesAPI">
<arg>200</arg>
<kw name="Should Be Equal As Strings" library="BuiltIn">
<arg>${RESPOSTA.status_code}</arg>
<arg>${STATUS_CODE_DESEJADO}</arg>
<doc>Fails if objects are unequal after converting them to strings.</doc>
<msg timestamp="20220403 20:59:53.294" level="INFO">Argument types are:
&lt;class 'int'&gt;
&lt;type 'unicode'&gt;</msg>
<status status="PASS" starttime="20220403 20:59:53.287" endtime="20220403 20:59:53.295"/>
</kw>
<status status="PASS" starttime="20220403 20:59:53.283" endtime="20220403 20:59:53.296"/>
</kw>
<kw name="Conferir o reason" library="ResourcesAPI">
<arg>OK</arg>
<kw name="Should Be Equal As Strings" library="BuiltIn">
<arg>${RESPOSTA.reason}</arg>
<arg>${REASON_DESEJADO}</arg>
<doc>Fails if objects are unequal after converting them to strings.</doc>
<status status="PASS" starttime="20220403 20:59:53.300" endtime="20220403 20:59:53.302"/>
</kw>
<status status="PASS" starttime="20220403 20:59:53.297" endtime="20220403 20:59:53.303"/>
</kw>
<kw name="Conferir se a api retorna &quot;30&quot; itens listados" library="ResourcesAPI" sourcename="Conferir se a api retorna &quot;${QTDE_ITENS}&quot; itens listados">
<kw name="Length Should Be" library="BuiltIn">
<arg>${RESPOSTA.json()}</arg>
<arg>${QTDE_ITENS}</arg>
<doc>Verifies that the length of the given item is correct.</doc>
<msg timestamp="20220403 20:59:53.308" level="INFO">Length is 30</msg>
<status status="PASS" starttime="20220403 20:59:53.305" endtime="20220403 20:59:53.308"/>
</kw>
<status status="PASS" starttime="20220403 20:59:53.303" endtime="20220403 20:59:53.309"/>
</kw>
<status status="PASS" starttime="20220403 20:59:50.297" endtime="20220403 20:59:53.310"/>
</test>
<test id="s1-t2" name="Buscar um item especifico (GET item especifico)">
<kw name="Requisitar o item &quot;10&quot;" library="ResourcesAPI" sourcename="Requisitar o item &quot;${ID_ITEM}&quot;">
<kw name="Get Request" library="RequestsLibrary">
<var>${RESPOSTA}</var>
<arg>fakeApi</arg>
<arg>Activities/${ID_ITEM}</arg>
<doc>*DEPRECATED* Please use `GET On Session` instead.</doc>
<msg timestamp="20220403 20:59:53.313" level="WARN">Keyword 'RequestsLibrary.Get Request' is deprecated. Please use `GET On Session` instead.</msg>
<msg timestamp="20220403 20:59:53.632" level="INFO">GET Request : url=https://fakerestapi.azurewebsites.net/api/v1/Activities/10 
 path_url=/api/v1/Activities/10 
 headers={'User-Agent': 'python-requests/2.25.1', 'Accept-Encoding': 'gzip, deflate', 'Accept': '*/*', 'Connection': 'keep-alive'} 
 body=None 
 </msg>
<msg timestamp="20220403 20:59:53.633" level="INFO">GET Response : url=https://fakerestapi.azurewebsites.net/api/v1/Activities/10 
 status=200, reason=OK 
 headers={'Transfer-Encoding': 'chunked', 'Content-Type': 'application/json; charset=utf-8; v=1.0', 'Server': 'Kestrel', 'api-supported-versions': '1.0', 'Date': 'Sun, 03 Apr 2022 23:59:52 GMT'} 
 body={"id":10,"title":"Activity 10","dueDate":"2022-04-04T09:59:53.4873427+00:00","completed":true} 
 </msg>
<msg timestamp="20220403 20:59:53.633" level="INFO">/usr/lib/python3/dist-packages/urllib3/connectionpool.py:1015: InsecureRequestWarning: Unverified HTTPS request is being made to host 'fakerestapi.azurewebsites.net'. Adding certificate verification is strongly advised. See: https://urllib3.readthedocs.io/en/latest/advanced-usage.html#ssl-warnings
  warnings.warn(</msg>
<msg timestamp="20220403 20:59:53.634" level="INFO">${RESPOSTA} = &lt;Response [200]&gt;</msg>
<status status="PASS" starttime="20220403 20:59:53.313" endtime="20220403 20:59:53.634"/>
</kw>
<kw name="Log" library="BuiltIn">
<arg>${RESPOSTA.text}</arg>
<doc>Logs the given message with the given level.</doc>
<msg timestamp="20220403 20:59:53.642" level="INFO">{"id":10,"title":"Activity 10","dueDate":"2022-04-04T09:59:53.4873427+00:00","completed":true}</msg>
<status status="PASS" starttime="20220403 20:59:53.636" endtime="20220403 20:59:53.643"/>
</kw>
<kw name="Set Test Variable" library="BuiltIn">
<arg>${RESPOSTA}</arg>
<doc>Makes a variable available everywhere within the scope of the current test.</doc>
<msg timestamp="20220403 20:59:53.646" level="INFO">${RESPOSTA} = &lt;Response [200]&gt;</msg>
<status status="PASS" starttime="20220403 20:59:53.643" endtime="20220403 20:59:53.647"/>
</kw>
<status status="PASS" starttime="20220403 20:59:53.312" endtime="20220403 20:59:53.648"/>
</kw>
<kw name="Conferir o status code" library="ResourcesAPI">
<arg>200</arg>
<kw name="Should Be Equal As Strings" library="BuiltIn">
<arg>${RESPOSTA.status_code}</arg>
<arg>${STATUS_CODE_DESEJADO}</arg>
<doc>Fails if objects are unequal after converting them to strings.</doc>
<msg timestamp="20220403 20:59:53.667" level="INFO">Argument types are:
&lt;class 'int'&gt;
&lt;type 'unicode'&gt;</msg>
<status status="PASS" starttime="20220403 20:59:53.661" endtime="20220403 20:59:53.676"/>
</kw>
<status status="PASS" starttime="20220403 20:59:53.649" endtime="20220403 20:59:53.677"/>
</kw>
<kw name="Conferir o reason" library="ResourcesAPI">
<arg>OK</arg>
<kw name="Should Be Equal As Strings" library="BuiltIn">
<arg>${RESPOSTA.reason}</arg>
<arg>${REASON_DESEJADO}</arg>
<doc>Fails if objects are unequal after converting them to strings.</doc>
<status status="PASS" starttime="20220403 20:59:53.680" endtime="20220403 20:59:53.684"/>
</kw>
<status status="PASS" starttime="20220403 20:59:53.678" endtime="20220403 20:59:53.685"/>
</kw>
<kw name="Conferir se retorna todos os dados corretos do item 10" library="ResourcesAPI">
<kw name="Dictionary Should Contain Item" library="Collections">
<arg>${RESPOSTA.json()}</arg>
<arg>id</arg>
<arg>${ITEM_API.id}</arg>
<doc>An item of ``key`` / ``value`` must be found in a ``dictionary``.</doc>
<status status="PASS" starttime="20220403 20:59:53.687" endtime="20220403 20:59:53.690"/>
</kw>
<kw name="Dictionary Should Contain Item" library="Collections">
<arg>${RESPOSTA.json()}</arg>
<arg>title</arg>
<arg>${ITEM_API.title}</arg>
<doc>An item of ``key`` / ``value`` must be found in a ``dictionary``.</doc>
<status status="PASS" starttime="20220403 20:59:53.690" endtime="20220403 20:59:53.693"/>
</kw>
<kw name="Should Not Be Empty" library="BuiltIn">
<arg>${RESPOSTA.json()["dueDate"]}</arg>
<doc>Verifies that the given item is not empty.</doc>
<msg timestamp="20220403 20:59:53.695" level="INFO">Length is 33</msg>
<status status="PASS" starttime="20220403 20:59:53.694" endtime="20220403 20:59:53.695"/>
</kw>
<kw name="Dictionary Should Contain Item" library="Collections">
<arg>${RESPOSTA.json()}</arg>
<arg>completed</arg>
<arg>${ITEM_API.completed}</arg>
<doc>An item of ``key`` / ``value`` must be found in a ``dictionary``.</doc>
<status status="PASS" starttime="20220403 20:59:53.695" endtime="20220403 20:59:53.698"/>
</kw>
<status status="PASS" starttime="20220403 20:59:53.686" endtime="20220403 20:59:53.698"/>
</kw>
<status status="PASS" starttime="20220403 20:59:53.311" endtime="20220403 20:59:53.699"/>
</test>
<test id="s1-t3" name="Cadastrar um novo item (POST)">
<kw name="Cadastrar um novo item" library="ResourcesAPI">
<kw name="Create Dictionary" library="BuiltIn">
<var>${HEADERS}</var>
<arg>content-type=application/json</arg>
<doc>Creates and returns a dictionary based on the given ``items``.</doc>
<msg timestamp="20220403 20:59:53.701" level="INFO">${HEADERS} = {'content-type': 'application/json'}</msg>
<status status="PASS" starttime="20220403 20:59:53.700" endtime="20220403 20:59:53.701"/>
</kw>
<kw name="Post Request" library="RequestsLibrary">
<var>${RESPOSTA}</var>
<arg>fakeApi</arg>
<arg>Activities</arg>
<arg>data={"id": 1551,"title": "TESTES AUTOMATIZADO","dueDate": "2022-04-03T23:47:03.478Z","completed": true}</arg>
<arg>headers=${HEADERS}</arg>
<doc>*DEPRECATED* Please use `POST On Session` instead.</doc>
<msg timestamp="20220403 20:59:53.701" level="WARN">Keyword 'RequestsLibrary.Post Request' is deprecated. Please use `POST On Session` instead.</msg>
<msg timestamp="20220403 20:59:53.940" level="INFO">POST Request : url=https://fakerestapi.azurewebsites.net/api/v1/Activities 
 path_url=/api/v1/Activities 
 headers={'User-Agent': 'python-requests/2.25.1', 'Accept-Encoding': 'gzip, deflate', 'Accept': '*/*', 'Connection': 'keep-alive', 'content-type': 'application/json', 'Content-Length': '99'} 
 body=b'{"id": 1551,"title": "TESTES AUTOMATIZADO","dueDate": "2022-04-03T23:47:03.478Z","completed": true}' 
 </msg>
<msg timestamp="20220403 20:59:53.941" level="INFO">POST Response : url=https://fakerestapi.azurewebsites.net/api/v1/Activities 
 status=200, reason=OK 
 headers={'Transfer-Encoding': 'chunked', 'Content-Type': 'application/json; charset=utf-8; v=1.0', 'Server': 'Kestrel', 'api-supported-versions': '1.0', 'Date': 'Sun, 03 Apr 2022 23:59:53 GMT'} 
 body={"id":1551,"title":"TESTES AUTOMATIZADO","dueDate":"2022-04-03T23:47:03.478Z","completed":true} 
 </msg>
<msg timestamp="20220403 20:59:53.942" level="INFO">/usr/lib/python3/dist-packages/urllib3/connectionpool.py:1015: InsecureRequestWarning: Unverified HTTPS request is being made to host 'fakerestapi.azurewebsites.net'. Adding certificate verification is strongly advised. See: https://urllib3.readthedocs.io/en/latest/advanced-usage.html#ssl-warnings
  warnings.warn(</msg>
<msg timestamp="20220403 20:59:53.943" level="INFO">${RESPOSTA} = &lt;Response [200]&gt;</msg>
<status status="PASS" starttime="20220403 20:59:53.701" endtime="20220403 20:59:53.944"/>
</kw>
<kw name="Log" library="BuiltIn">
<arg>${RESPOSTA.text}</arg>
<doc>Logs the given message with the given level.</doc>
<msg timestamp="20220403 20:59:53.951" level="INFO">{"id":1551,"title":"TESTES AUTOMATIZADO","dueDate":"2022-04-03T23:47:03.478Z","completed":true}</msg>
<status status="PASS" starttime="20220403 20:59:53.945" endtime="20220403 20:59:53.952"/>
</kw>
<kw name="Set Test Variable" library="BuiltIn">
<arg>${RESPOSTA}</arg>
<doc>Makes a variable available everywhere within the scope of the current test.</doc>
<msg timestamp="20220403 20:59:53.956" level="INFO">${RESPOSTA} = &lt;Response [200]&gt;</msg>
<status status="PASS" starttime="20220403 20:59:53.952" endtime="20220403 20:59:53.956"/>
</kw>
<status status="PASS" starttime="20220403 20:59:53.700" endtime="20220403 20:59:53.957"/>
</kw>
<kw name="Conferir o status code" library="ResourcesAPI">
<arg>200</arg>
<kw name="Should Be Equal As Strings" library="BuiltIn">
<arg>${RESPOSTA.status_code}</arg>
<arg>${STATUS_CODE_DESEJADO}</arg>
<doc>Fails if objects are unequal after converting them to strings.</doc>
<msg timestamp="20220403 20:59:53.968" level="INFO">Argument types are:
&lt;class 'int'&gt;
&lt;type 'unicode'&gt;</msg>
<status status="PASS" starttime="20220403 20:59:53.962" endtime="20220403 20:59:53.970"/>
</kw>
<status status="PASS" starttime="20220403 20:59:53.959" endtime="20220403 20:59:53.972"/>
</kw>
<kw name="Conferir o reason" library="ResourcesAPI">
<arg>OK</arg>
<kw name="Should Be Equal As Strings" library="BuiltIn">
<arg>${RESPOSTA.reason}</arg>
<arg>${REASON_DESEJADO}</arg>
<doc>Fails if objects are unequal after converting them to strings.</doc>
<status status="PASS" starttime="20220403 20:59:53.977" endtime="20220403 20:59:53.987"/>
</kw>
<status status="PASS" starttime="20220403 20:59:53.973" endtime="20220403 20:59:53.988"/>
</kw>
<status status="PASS" starttime="20220403 20:59:53.699" endtime="20220403 20:59:53.990"/>
</test>
<doc>Documentação de API: https://fakerestapi.azurewebsites.net/index.html</doc>
<status status="PASS" starttime="20220403 20:59:50.160" endtime="20220403 20:59:53.997"/>
</suite>
<statistics>
<total>
<stat pass="3" fail="0" skip="0">All Tests</stat>
</total>
<tag>
</tag>
<suite>
<stat pass="3" fail="0" skip="0" id="s1" name="TestCaseApi">TestCaseApi</stat>
</suite>
</statistics>
<errors>
<msg timestamp="20220403 20:59:50.299" level="WARN">Keyword 'RequestsLibrary.Get Request' is deprecated. Please use `GET On Session` instead.</msg>
<msg timestamp="20220403 20:59:53.313" level="WARN">Keyword 'RequestsLibrary.Get Request' is deprecated. Please use `GET On Session` instead.</msg>
<msg timestamp="20220403 20:59:53.701" level="WARN">Keyword 'RequestsLibrary.Post Request' is deprecated. Please use `POST On Session` instead.</msg>
</errors>
</robot>
