<?xml version="1.0" encoding="UTF-8"?>
<robot generator="Robot 4.1.3 (Python 3.9.5 on linux)" generated="20220330 12:34:01.030" rpa="false" schemaversion="2">
<suite id="s1" name="Amazon Test" source="/home/felipe/Área de Trabalho/Automação_End_to_End/RobotFrameWork/automacao_robot_framawork/amazon_test.robot">
<test id="s1-t1" name="Caso de Teste 01 - Acessar ao menu &quot;Livros&quot;">
<kw name="Abrir o navegador" library="amazon_resources" type="SETUP">
<kw name="Open Browser" library="SeleniumLibrary">
<arg>browser=chrome</arg>
<doc>Opens a new browser instance to the optional ``url``.</doc>
<msg timestamp="20220330 12:34:01.286" level="INFO">Opening browser 'chrome' to base url 'None'.</msg>
<status status="PASS" starttime="20220330 12:34:01.286" endtime="20220330 12:34:02.565"/>
</kw>
<kw name="Maximize Browser Window" library="SeleniumLibrary">
<doc>Maximizes current browser window.</doc>
<status status="PASS" starttime="20220330 12:34:02.566" endtime="20220330 12:34:02.682"/>
</kw>
<status status="PASS" starttime="20220330 12:34:01.285" endtime="20220330 12:34:02.682"/>
</kw>
<kw name="Acessar a home page do site Amazon.com.br" library="amazon_resources">
<kw name="Go To" library="SeleniumLibrary">
<arg>url=${URL}</arg>
<doc>Navigates the current browser window to the provided ``url``.</doc>
<msg timestamp="20220330 12:34:02.684" level="INFO">Opening url 'https://www.amazon.com.br'</msg>
<status status="PASS" starttime="20220330 12:34:02.684" endtime="20220330 12:34:05.356"/>
</kw>
<kw name="Wait Until Element Is Visible" library="SeleniumLibrary">
<arg>locator=${MENU_LIVRO}</arg>
<doc>Waits until the element ``locator`` is visible.</doc>
<status status="PASS" starttime="20220330 12:34:05.356" endtime="20220330 12:34:05.634"/>
</kw>
<status status="PASS" starttime="20220330 12:34:02.683" endtime="20220330 12:34:05.635"/>
</kw>
<kw name="Entrar no menu &quot;Livros&quot;" library="amazon_resources">
<kw name="Click Element" library="SeleniumLibrary">
<arg>locator=${MENU_LIVRO}</arg>
<doc>Click the element identified by ``locator``.</doc>
<msg timestamp="20220330 12:34:05.636" level="INFO">Clicking element '//a[@href='/Livros/b/?ie=UTF8&amp;node=6740748011&amp;ref_=nav_cs_books'][contains(.,'Livros')]'.</msg>
<status status="PASS" starttime="20220330 12:34:05.636" endtime="20220330 12:34:08.569"/>
</kw>
<status status="PASS" starttime="20220330 12:34:05.635" endtime="20220330 12:34:08.569"/>
</kw>
<kw name="Verificar se aparece a frase &quot;Loja de Livros&quot;" library="amazon_resources">
<kw name="Wait Until Page Contains" library="SeleniumLibrary">
<arg>text=${TEXTO_HEADER_LIVRO}</arg>
<doc>Waits until ``text`` appears on the current page.</doc>
<status status="PASS" starttime="20220330 12:34:08.571" endtime="20220330 12:34:08.710"/>
</kw>
<kw name="Wait Until Element Is Visible" library="SeleniumLibrary">
<arg>locator=${HEADER_LIVRO}</arg>
<doc>Waits until the element ``locator`` is visible.</doc>
<status status="PASS" starttime="20220330 12:34:08.711" endtime="20220330 12:34:08.884"/>
</kw>
<status status="PASS" starttime="20220330 12:34:08.570" endtime="20220330 12:34:08.884"/>
</kw>
<doc>Esse teste verifica o menu eletronico do site da amazon.com.br
e verifica a categoria computadores e informatica</doc>
<tag>categorias</tag>
<tag>menus</tag>
<status status="PASS" starttime="20220330 12:34:01.284" endtime="20220330 12:34:08.885"/>
</test>
<doc>Essa suite testa o site da amazon.com.br</doc>
<status status="PASS" starttime="20220330 12:34:01.032" endtime="20220330 12:34:08.887"/>
</suite>
<statistics>
<total>
<stat pass="1" fail="0" skip="0">All Tests</stat>
</total>
<tag>
<stat pass="1" fail="0" skip="0">categorias</stat>
<stat pass="1" fail="0" skip="0">menus</stat>
</tag>
<suite>
<stat pass="1" fail="0" skip="0" id="s1" name="Amazon Test">Amazon Test</stat>
</suite>
</statistics>
<errors>
</errors>
</robot>
