<?xml version="1.0" encoding="UTF-8"?>
<robot generator="Robot 4.1.3 (Python 3.9.5 on linux)" generated="20220402 18:52:53.691" rpa="false" schemaversion="2">
<suite id="s1" name="CriarKeywords" source="/home/felipe/Área de Trabalho/Automação_End_to_End/RobotFrameWork/automacao_robot_framawork/Variaveis/CriarKeywords.robot">
<test id="s1-t1" name="Imprimir um e-mail customizado de usuário aleatório">
<kw name="Criar e-mail customizado e aleatório">
<var>${EMAIL_CRIADO}</var>
<arg>${PESSOA.nome}</arg>
<arg>${PESSOA.sobrenome}</arg>
<kw name="Set Variable" library="BuiltIn">
<var>${EMAIL_FINAL}</var>
<arg>${NOME}${SOBRENOME}@testerobot.com</arg>
<doc>Returns the given values which can then be assigned to a variables.</doc>
<msg timestamp="20220402 18:52:53.730" level="INFO">${EMAIL_FINAL} = FelipeTrindade@testerobot.com</msg>
<status status="PASS" starttime="20220402 18:52:53.730" endtime="20220402 18:52:53.730"/>
</kw>
<msg timestamp="20220402 18:52:53.731" level="INFO">${EMAIL_CRIADO} = FelipeTrindade@testerobot.com</msg>
<status status="PASS" starttime="20220402 18:52:53.728" endtime="20220402 18:52:53.731"/>
</kw>
<kw name="Log To Console" library="BuiltIn">
<arg>${EMAIL_CRIADO}</arg>
<doc>Logs the given message to the console.</doc>
<status status="PASS" starttime="20220402 18:52:53.731" endtime="20220402 18:52:53.731"/>
</kw>
<status status="PASS" starttime="20220402 18:52:53.727" endtime="20220402 18:52:53.732"/>
</test>
<status status="PASS" starttime="20220402 18:52:53.692" endtime="20220402 18:52:53.732"/>
</suite>
<statistics>
<total>
<stat pass="1" fail="0" skip="0">All Tests</stat>
</total>
<tag>
</tag>
<suite>
<stat pass="1" fail="0" skip="0" id="s1" name="CriarKeywords">CriarKeywords</stat>
</suite>
</statistics>
<errors>
</errors>
</robot>
