<?xml version="1.0" encoding="UTF-8"?>
<robot generator="Robot 4.1.3 (Python 3.9.5 on linux)" generated="20220402 19:04:12.391" rpa="false" schemaversion="2">
<suite id="s1" name="UsandoIFs" source="/home/felipe/Área de Trabalho/Automação_End_to_End/RobotFrameWork/automacao_robot_framawork/Estruturas/UsandoIFs.robot">
<test id="s1-t1" name="Caso de teste exemplo 01">
<kw name="Rodando uma keyword dada uma condição = true">
<kw name="Run Keyword If" library="BuiltIn">
<arg>'${FRUTAS[1]}' == 'banana'</arg>
<arg>Log</arg>
<arg>O item número 1 é a banana!!</arg>
<doc>Runs the given keyword with the given arguments, if ``condition`` is true.</doc>
<kw name="Log" library="BuiltIn">
<arg>O item número 1 é a banana!!</arg>
<doc>Logs the given message with the given level.</doc>
<msg timestamp="20220402 19:04:12.429" level="INFO">O item número 1 é a banana!!</msg>
<status status="PASS" starttime="20220402 19:04:12.429" endtime="20220402 19:04:12.429"/>
</kw>
<status status="PASS" starttime="20220402 19:04:12.427" endtime="20220402 19:04:12.429"/>
</kw>
<status status="PASS" starttime="20220402 19:04:12.427" endtime="20220402 19:04:12.430"/>
</kw>
<kw name="Rodando uma keyword dada uma condição = false">
<kw name="Run Keyword Unless" library="BuiltIn">
<arg>'${FRUTAS[1]}' == 'maça'</arg>
<arg>Log</arg>
<arg>O item número 1 não é uma maça!!</arg>
<doc>Runs the given keyword with the given arguments if ``condition`` is false.</doc>
<kw name="Log" library="BuiltIn">
<arg>O item número 1 não é uma maça!!</arg>
<doc>Logs the given message with the given level.</doc>
<msg timestamp="20220402 19:04:12.432" level="INFO">O item número 1 não é uma maça!!</msg>
<status status="PASS" starttime="20220402 19:04:12.432" endtime="20220402 19:04:12.432"/>
</kw>
<status status="PASS" starttime="20220402 19:04:12.430" endtime="20220402 19:04:12.432"/>
</kw>
<status status="PASS" starttime="20220402 19:04:12.430" endtime="20220402 19:04:12.432"/>
</kw>
<kw name="Armazenando um valor em uma variável dada uma condição">
<kw name="Set Variable If" library="BuiltIn">
<var>${VAR}</var>
<arg>'${FRUTAS[2]}' == 'uva'</arg>
<arg>uva</arg>
<doc>Sets variable based on the given condition.</doc>
<msg timestamp="20220402 19:04:12.434" level="INFO">${VAR} = uva</msg>
<status status="PASS" starttime="20220402 19:04:12.433" endtime="20220402 19:04:12.434"/>
</kw>
<kw name="Log" library="BuiltIn">
<arg>Minha variável VAR é uma ${VAR}!!</arg>
<doc>Logs the given message with the given level.</doc>
<msg timestamp="20220402 19:04:12.435" level="INFO">Minha variável VAR é uma uva!!</msg>
<status status="PASS" starttime="20220402 19:04:12.435" endtime="20220402 19:04:12.435"/>
</kw>
<status status="PASS" starttime="20220402 19:04:12.433" endtime="20220402 19:04:12.435"/>
</kw>
<status status="PASS" starttime="20220402 19:04:12.426" endtime="20220402 19:04:12.436"/>
</test>
<doc>Suíte para exemplificar o uso de IF nos testes
O IF deve ser pouco utilizado, mas tem hora que não tem jeito
e precisamos dele mesmo, então vamos ver como é!
IF: use com moderação!</doc>
<status status="PASS" starttime="20220402 19:04:12.392" endtime="20220402 19:04:12.437"/>
</suite>
<statistics>
<total>
<stat pass="1" fail="0" skip="0">All Tests</stat>
</total>
<tag>
</tag>
<suite>
<stat pass="1" fail="0" skip="0" id="s1" name="UsandoIFs">UsandoIFs</stat>
</suite>
</statistics>
<errors>
</errors>
</robot>
