<?xml version="1.0" encoding="UTF-8"?>
<robot generator="Robot 4.1.3 (Python 3.9.5 on linux)" generated="20220331 12:57:51.277" rpa="false" schemaversion="2">
<suite id="s1" name="Amazon Test" source="/home/felipe/Área de Trabalho/Automação_End_to_End/RobotFrameWork/automacao_robot_framawork/amazon_test.robot">
<test id="s1-t1" name="Caso de Teste 01 - Acessar ao menu &quot;Livros&quot;">
<kw name="Abrir o navegador" library="amazon_resources" type="SETUP">
<kw name="Open Browser" library="SeleniumLibrary">
<arg>browser=${BROWSER}</arg>
<doc>Opens a new browser instance to the optional ``url``.</doc>
<msg timestamp="20220331 12:57:51.503" level="INFO">Opening browser 'firefox' to base url 'None'.</msg>
<msg timestamp="20220331 12:57:51.506" level="INFO">Firefox driver log is always forced to to: /home/felipe/Área de Trabalho/Automação_End_to_End/RobotFrameWork/automacao_robot_framawork/resultados/geckodriver-1.log</msg>
<status status="PASS" starttime="20220331 12:57:51.503" endtime="20220331 12:57:56.763"/>
</kw>
<kw name="Maximize Browser Window" library="SeleniumLibrary">
<doc>Maximizes current browser window.</doc>
<status status="PASS" starttime="20220331 12:57:56.763" endtime="20220331 12:57:56.784"/>
</kw>
<status status="PASS" starttime="20220331 12:57:51.502" endtime="20220331 12:57:56.784"/>
</kw>
<kw name="Acessar a home page do site Amazon.com.br" library="amazon_resources">
<kw name="Go To" library="SeleniumLibrary">
<arg>url=${URL}</arg>
<doc>Navigates the current browser window to the provided ``url``.</doc>
<msg timestamp="20220331 12:57:56.786" level="INFO">Opening url 'https://www.amazon.com.br'</msg>
<status status="PASS" starttime="20220331 12:57:56.785" endtime="20220331 12:57:58.530"/>
</kw>
<kw name="Wait Until Element Is Visible" library="SeleniumLibrary">
<arg>locator=${MENU_LIVRO}</arg>
<doc>Waits until the element ``locator`` is visible.</doc>
<status status="PASS" starttime="20220331 12:57:58.530" endtime="20220331 12:57:58.946"/>
</kw>
<status status="PASS" starttime="20220331 12:57:56.785" endtime="20220331 12:57:58.946"/>
</kw>
<kw name="Entrar no menu &quot;Livros&quot;" library="amazon_resources">
<kw name="Click Element" library="SeleniumLibrary">
<arg>locator=${MENU_LIVRO}</arg>
<doc>Click the element identified by ``locator``.</doc>
<msg timestamp="20220331 12:57:58.948" level="INFO">Clicking element '//a[@href='/Livros/b/?ie=UTF8&amp;node=6740748011&amp;ref_=nav_cs_books'][contains(.,'Livros')]'.</msg>
<status status="PASS" starttime="20220331 12:57:58.947" endtime="20220331 12:58:00.878"/>
</kw>
<status status="PASS" starttime="20220331 12:57:58.946" endtime="20220331 12:58:00.878"/>
</kw>
<kw name="Verificar se aparece a frase &quot;Loja de Livros&quot;" library="amazon_resources" sourcename="Verificar se aparece a frase &quot;${TEXTO_FRASE}&quot;">
<kw name="Wait Until Page Contains" library="SeleniumLibrary">
<arg>text=${TEXTO_FRASE}</arg>
<doc>Waits until ``text`` appears on the current page.</doc>
<status status="PASS" starttime="20220331 12:58:00.879" endtime="20220331 12:58:00.992"/>
</kw>
<kw name="Wait Until Element Is Visible" library="SeleniumLibrary">
<arg>locator=${HEADER_LIVRO}</arg>
<doc>Waits until the element ``locator`` is visible.</doc>
<status status="PASS" starttime="20220331 12:58:00.992" endtime="20220331 12:58:01.114"/>
</kw>
<status status="PASS" starttime="20220331 12:58:00.879" endtime="20220331 12:58:01.114"/>
</kw>
<kw name="Verificar se o título da página fica &quot;Loja de Livros | Amazon.com.br&quot;" library="amazon_resources">
<kw name="Title Should Be" library="SeleniumLibrary">
<arg>title=Loja de Livros | Amazon.com.br</arg>
<doc>Verifies that the current page title equals ``title``.</doc>
<msg timestamp="20220331 12:58:01.128" level="INFO">Page title is 'Loja de Livros | Amazon.com.br'.</msg>
<status status="PASS" starttime="20220331 12:58:01.117" endtime="20220331 12:58:01.128"/>
</kw>
<status status="PASS" starttime="20220331 12:58:01.115" endtime="20220331 12:58:01.129"/>
</kw>
<kw name="Verificar se aparece a categoria &quot;Livros em Oferta - Aproveite as promoções&quot;" library="amazon_resources" sourcename="Verificar se aparece a categoria &quot;${NOME_CATEGORIA}&quot;">
<kw name="Element Should Be Visible" library="SeleniumLibrary">
<arg>locator=//a[@aria-label='${NOME_CATEGORIA}']</arg>
<doc>Verifies that the element identified by ``locator`` is visible.</doc>
<msg timestamp="20220331 12:58:01.481" level="INFO">Element '//a[@aria-label='Livros em Oferta - Aproveite as promoções']' is displayed.</msg>
<status status="PASS" starttime="20220331 12:58:01.130" endtime="20220331 12:58:01.481"/>
</kw>
<status status="PASS" starttime="20220331 12:58:01.129" endtime="20220331 12:58:01.481"/>
</kw>
<kw name="Fechar o navegador" library="amazon_resources" type="TEARDOWN">
<kw name="Capture Page Screenshot" library="SeleniumLibrary">
<doc>Takes a screenshot of the current page and embeds it into a log file.</doc>
<msg timestamp="20220331 12:58:01.839" level="INFO" html="true">&lt;/td&gt;&lt;/tr&gt;&lt;tr&gt;&lt;td colspan="3"&gt;&lt;a href="selenium-screenshot-5.png"&gt;&lt;img src="selenium-screenshot-5.png" width="800px"&gt;&lt;/a&gt;</msg>
<status status="PASS" starttime="20220331 12:58:01.485" endtime="20220331 12:58:01.840"/>
</kw>
<kw name="Close Browser" library="SeleniumLibrary">
<doc>Closes the current browser.</doc>
<status status="PASS" starttime="20220331 12:58:01.840" endtime="20220331 12:58:02.901"/>
</kw>
<status status="PASS" starttime="20220331 12:58:01.482" endtime="20220331 12:58:02.901"/>
</kw>
<doc>Esse teste verifica o menu eletronico do site da amazon.com.br
e verifica a categoria computadores e informatica</doc>
<tag>categorias</tag>
<tag>menus</tag>
<status status="PASS" starttime="20220331 12:57:51.501" endtime="20220331 12:58:02.901"/>
</test>
<doc>Essa suite testa o site da amazon.com.br</doc>
<status status="PASS" starttime="20220331 12:57:51.279" endtime="20220331 12:58:02.903"/>
</suite>
<statistics>
<total>
<stat pass="1" fail="0" skip="0">All Tests</stat>
</total>
<tag>
<stat pass="1" fail="0" skip="0">categorias</stat>
<stat pass="1" fail="0" skip="0">menus</stat>
</tag>
<suite>
<stat pass="1" fail="0" skip="0" id="s1" name="Amazon Test">Amazon Test</stat>
</suite>
</statistics>
<errors>
</errors>
</robot>
