<?xml version="1.0" encoding="UTF-8"?>
<robot generator="Robot 4.1.3 (Python 3.9.5 on linux)" generated="20220402 19:30:45.550" rpa="false" schemaversion="2">
<suite id="s1" name="UsandoLoops" source="/home/felipe/Área de Trabalho/Automação_End_to_End/RobotFrameWork/automacao_robot_framawork/UsandoLoops.robot">
<test id="s1-t1" name="Teste de Sair do FOR">
<kw name="Usando FOR IN com EXIT FOR LOOP IF">
<kw name="Log To Console" library="BuiltIn">
<arg>${\n}</arg>
<doc>Logs the given message to the console.</doc>
<status status="PASS" starttime="20220402 19:30:45.582" endtime="20220402 19:30:45.583"/>
</kw>
<for flavor="IN ENUMERATE">
<var>${INDICE}</var>
<var>${FRUTA}</var>
<value>@{MINHA_LISTA_DE_FRUTAS}</value>
<iter>
<var name="${INDICE}">0</var>
<var name="${FRUTA}">maça</var>
<kw name="Log To Console" library="BuiltIn">
<arg>Minha fruta é: ${INDICE} --&gt; ${FRUTA}!</arg>
<doc>Logs the given message to the console.</doc>
<status status="PASS" starttime="20220402 19:30:45.583" endtime="20220402 19:30:45.584"/>
</kw>
<kw name="Exit For Loop If" library="BuiltIn">
<arg>'${FRUTA}'=='banana'</arg>
<doc>Stops executing the enclosing for loop if the ``condition`` is true.</doc>
<status status="PASS" starttime="20220402 19:30:45.584" endtime="20220402 19:30:45.584"/>
</kw>
<status status="PASS" starttime="20220402 19:30:45.583" endtime="20220402 19:30:45.585"/>
</iter>
<iter>
<var name="${INDICE}">1</var>
<var name="${FRUTA}">abacaxi</var>
<kw name="Log To Console" library="BuiltIn">
<arg>Minha fruta é: ${INDICE} --&gt; ${FRUTA}!</arg>
<doc>Logs the given message to the console.</doc>
<status status="PASS" starttime="20220402 19:30:45.585" endtime="20220402 19:30:45.585"/>
</kw>
<kw name="Exit For Loop If" library="BuiltIn">
<arg>'${FRUTA}'=='banana'</arg>
<doc>Stops executing the enclosing for loop if the ``condition`` is true.</doc>
<status status="PASS" starttime="20220402 19:30:45.585" endtime="20220402 19:30:45.586"/>
</kw>
<status status="PASS" starttime="20220402 19:30:45.585" endtime="20220402 19:30:45.586"/>
</iter>
<iter>
<var name="${INDICE}">2</var>
<var name="${FRUTA}">banana</var>
<kw name="Log To Console" library="BuiltIn">
<arg>Minha fruta é: ${INDICE} --&gt; ${FRUTA}!</arg>
<doc>Logs the given message to the console.</doc>
<status status="PASS" starttime="20220402 19:30:45.586" endtime="20220402 19:30:45.586"/>
</kw>
<kw name="Exit For Loop If" library="BuiltIn">
<arg>'${FRUTA}'=='banana'</arg>
<doc>Stops executing the enclosing for loop if the ``condition`` is true.</doc>
<msg timestamp="20220402 19:30:45.587" level="INFO">Exiting for loop altogether.</msg>
<status status="PASS" starttime="20220402 19:30:45.587" endtime="20220402 19:30:45.588"/>
</kw>
<status status="PASS" starttime="20220402 19:30:45.586" endtime="20220402 19:30:45.588"/>
</iter>
<status status="PASS" starttime="20220402 19:30:45.583" endtime="20220402 19:30:45.588"/>
</for>
<status status="PASS" starttime="20220402 19:30:45.582" endtime="20220402 19:30:45.588"/>
</kw>
<doc>Você controla quando o FOR deve se encerrar antes de terminar todos os LOOPS</doc>
<status status="PASS" starttime="20220402 19:30:45.581" endtime="20220402 19:30:45.588"/>
</test>
<doc>Vamos aprender a fazer LOOPS usando o Robot Framework!!</doc>
<status status="PASS" starttime="20220402 19:30:45.552" endtime="20220402 19:30:45.589"/>
</suite>
<statistics>
<total>
<stat pass="1" fail="0" skip="0">All Tests</stat>
</total>
<tag>
</tag>
<suite>
<stat pass="1" fail="0" skip="0" id="s1" name="UsandoLoops">UsandoLoops</stat>
</suite>
</statistics>
<errors>
</errors>
</robot>
